INFO 2025-09-06 12:51:16,866 autoreload 12119 8588520576 Watching for file changes with StatReloader
INFO 2025-09-06 12:54:53,549 basehttp 12119 6171930624 "OPTIONS /api/auth/register/ HTTP/1.1" 200 0
INFO 2025-09-06 12:54:53,706 basehttp 12119 6171930624 "POST /api/auth/register/ HTTP/1.1" 201 1046
INFO 2025-09-06 12:54:53,928 basehttp 12119 6171930624 "OPTIONS /api/chat/conversations/ HTTP/1.1" 200 0
INFO 2025-09-06 12:54:53,933 basehttp 12119 6188756992 "OPTIONS /api/chat/folders/ HTTP/1.1" 200 0
INFO 2025-09-06 12:54:53,935 basehttp 12119 6205583360 "OPTIONS /api/chat/conversations/ HTTP/1.1" 200 0
INFO 2025-09-06 12:54:53,938 basehttp 12119 6222409728 "OPTIONS /api/chat/folders/ HTTP/1.1" 200 0
INFO 2025-09-06 12:54:53,946 basehttp 12119 6171930624 "GET /api/chat/conversations/ HTTP/1.1" 200 2
INFO 2025-09-06 12:54:53,947 basehttp 12119 6188756992 "GET /api/chat/folders/ HTTP/1.1" 200 2
INFO 2025-09-06 12:54:53,955 basehttp 12119 6222409728 "GET /api/chat/conversations/ HTTP/1.1" 200 2
INFO 2025-09-06 12:54:53,956 basehttp 12119 6171930624 "GET /api/chat/folders/ HTTP/1.1" 200 2
INFO 2025-09-06 12:55:01,325 basehttp 12119 6171930624 "OPTIONS /api/auth/profile/ HTTP/1.1" 200 0
INFO 2025-09-06 12:55:01,328 basehttp 12119 6222409728 "OPTIONS /api/auth/client-info/ HTTP/1.1" 200 0
INFO 2025-09-06 12:55:01,328 basehttp 12119 6188756992 "OPTIONS /api/auth/profile/ HTTP/1.1" 200 0
INFO 2025-09-06 12:55:01,331 basehttp 12119 6205583360 "OPTIONS /api/auth/client-info/ HTTP/1.1" 200 0
INFO 2025-09-06 12:55:01,345 basehttp 12119 6171930624 "GET /api/auth/profile/ HTTP/1.1" 200 503
INFO 2025-09-06 12:55:01,355 basehttp 12119 6205583360 "GET /api/auth/client-info/ HTTP/1.1" 200 354
INFO 2025-09-06 12:55:01,363 basehttp 12119 6188756992 "GET /api/auth/profile/ HTTP/1.1" 200 503
INFO 2025-09-06 12:55:01,371 basehttp 12119 6171930624 "GET /api/auth/client-info/ HTTP/1.1" 200 354
INFO 2025-09-06 12:55:13,616 basehttp 12119 6171930624 "POST /api/chat/conversations/ HTTP/1.1" 201 310
INFO 2025-09-06 12:55:13,621 basehttp 12119 6188756992 "OPTIONS /api/chat/conversations/a3d72ae1-eaea-428d-be81-fc903e160e09/history/ HTTP/1.1" 200 0
INFO 2025-09-06 12:55:13,630 basehttp 12119 6171930624 "GET /api/chat/conversations/ HTTP/1.1" 200 312
INFO 2025-09-06 12:55:13,632 basehttp 12119 6188756992 "GET /api/chat/conversations/a3d72ae1-eaea-428d-be81-fc903e160e09/history/ HTTP/1.1" 200 2
INFO 2025-09-06 12:55:13,638 basehttp 12119 6188756992 "OPTIONS /api/chat/stream/ HTTP/1.1" 200 0
INFO 2025-09-06 12:55:13,653 views 12119 6188756992 ChatStreamView POST called by user: bro (bro bro)
INFO 2025-09-06 12:55:13,654 views 12119 6188756992 Request data: {'message': 'hi bro', 'conversation_id': 'a3d72ae1-eaea-428d-be81-fc903e160e09'}
INFO 2025-09-06 12:55:13,656 views 12119 6188756992 Serializer validated data: OrderedDict({'message': 'hi bro', 'conversation_id': UUID('a3d72ae1-eaea-428d-be81-fc903e160e09')})
INFO 2025-09-06 12:55:13,656 views 12119 6188756992 Starting generate_stream function
INFO 2025-09-06 12:55:13,656 views 12119 6188756992 About to call process_chat_message_stream
ERROR 2025-09-06 12:55:29,756 services 12119 6188756992 RAG API streaming request failed: ('Connection aborted.', RemoteDisconnected('Remote end closed connection without response'))
INFO 2025-09-06 12:55:29,760 views 12119 6188756992 Stream completed with 1 chunks
INFO 2025-09-06 12:55:29,761 basehttp 12119 6188756992 "POST /api/chat/stream/ HTTP/1.1" 200 513
INFO 2025-09-06 12:56:26,054 basehttp 12119 6171930624 "GET /api/chat/conversations/a3d72ae1-eaea-428d-be81-fc903e160e09/history/ HTTP/1.1" 200 1002
INFO 2025-09-06 12:56:28,261 basehttp 12119 6171930624 "GET /api/chat/conversations/a3d72ae1-eaea-428d-be81-fc903e160e09/history/ HTTP/1.1" 200 1002
INFO 2025-09-06 12:56:28,363 basehttp 12119 6171930624 "GET /api/chat/conversations/a3d72ae1-eaea-428d-be81-fc903e160e09/history/ HTTP/1.1" 200 1002
INFO 2025-09-06 12:58:12,128 basehttp 12119 6171930624 "GET /api/chat/conversations/a3d72ae1-eaea-428d-be81-fc903e160e09/history/ HTTP/1.1" 200 1002
INFO 2025-09-06 12:58:27,062 basehttp 12119 6171930624 "GET /api/chat/conversations/a3d72ae1-eaea-428d-be81-fc903e160e09/history/ HTTP/1.1" 200 1002
INFO 2025-09-06 12:59:22,969 basehttp 12119 6205583360 "GET /api/chat/folders/ HTTP/1.1" 200 2
INFO 2025-09-06 12:59:22,977 basehttp 12119 6171930624 "GET /api/chat/conversations/ HTTP/1.1" 200 529
INFO 2025-09-06 12:59:22,979 basehttp 12119 6222409728 "GET /api/chat/conversations/a3d72ae1-eaea-428d-be81-fc903e160e09/history/ HTTP/1.1" 200 1002
INFO 2025-09-06 12:59:22,990 basehttp 12119 6205583360 "GET /api/chat/folders/ HTTP/1.1" 200 2
INFO 2025-09-06 12:59:23,004 basehttp 12119 6239236096 "GET /api/chat/conversations/ HTTP/1.1" 200 529
INFO 2025-09-06 12:59:37,664 basehttp 12119 6205583360 "GET /api/chat/folders/ HTTP/1.1" 200 2
INFO 2025-09-06 12:59:37,667 basehttp 12119 6239236096 "GET /api/chat/conversations/ HTTP/1.1" 200 529
INFO 2025-09-06 12:59:37,674 basehttp 12119 6222409728 "GET /api/chat/conversations/a3d72ae1-eaea-428d-be81-fc903e160e09/history/ HTTP/1.1" 200 1002
INFO 2025-09-06 12:59:37,679 basehttp 12119 6171930624 "GET /api/chat/folders/ HTTP/1.1" 200 2
INFO 2025-09-06 12:59:37,686 basehttp 12119 6205583360 "GET /api/chat/conversations/ HTTP/1.1" 200 529
INFO 2025-09-06 12:59:38,791 basehttp 12119 6205583360 "GET /api/chat/conversations/a3d72ae1-eaea-428d-be81-fc903e160e09/history/ HTTP/1.1" 200 1002
INFO 2025-09-06 12:59:38,925 basehttp 12119 6171930624 "GET /api/chat/folders/ HTTP/1.1" 200 2
INFO 2025-09-06 12:59:38,928 basehttp 12119 6205583360 "GET /api/chat/conversations/ HTTP/1.1" 200 529
INFO 2025-09-06 12:59:38,939 basehttp 12119 6222409728 "GET /api/chat/folders/ HTTP/1.1" 200 2
INFO 2025-09-06 12:59:38,944 basehttp 12119 6171930624 "GET /api/chat/conversations/ HTTP/1.1" 200 529
INFO 2025-09-06 12:59:41,803 basehttp 12119 6171930624 "POST /api/chat/conversations/ HTTP/1.1" 201 311
INFO 2025-09-06 12:59:41,807 basehttp 12119 6222409728 "OPTIONS /api/chat/conversations/694e1401-df9a-449e-b36f-5973a466b84c/history/ HTTP/1.1" 200 0
INFO 2025-09-06 12:59:41,840 basehttp 12119 6222409728 "GET /api/chat/conversations/694e1401-df9a-449e-b36f-5973a466b84c/history/ HTTP/1.1" 200 2
INFO 2025-09-06 12:59:41,843 basehttp 12119 6171930624 "GET /api/chat/conversations/ HTTP/1.1" 200 841
INFO 2025-09-06 12:59:41,876 views 12119 6171930624 ChatStreamView POST called by user: bro (bro bro)
INFO 2025-09-06 12:59:41,876 views 12119 6171930624 Request data: {'message': 'hi boss', 'conversation_id': '694e1401-df9a-449e-b36f-5973a466b84c'}
INFO 2025-09-06 12:59:41,878 views 12119 6171930624 Serializer validated data: OrderedDict({'message': 'hi boss', 'conversation_id': UUID('694e1401-df9a-449e-b36f-5973a466b84c')})
INFO 2025-09-06 12:59:41,878 views 12119 6171930624 Starting generate_stream function
INFO 2025-09-06 12:59:41,878 views 12119 6171930624 About to call process_chat_message_stream
INFO 2025-09-06 12:59:50,072 services 12119 6171930624 Source document: Sources: Breaking Through Limiting Beliefs.pdf
INFO 2025-09-06 12:59:50,072 services 12119 6171930624 Extracted document list: ['Breaking Through Limiting Beliefs.pdf']
INFO 2025-09-06 12:59:50,073 services 12119 6171930624 Finished processing 212 lines
INFO 2025-09-06 12:59:50,084 views 12119 6171930624 Stream completed with 107 chunks
INFO 2025-09-06 12:59:50,085 basehttp 12119 6171930624 "POST /api/chat/stream/ HTTP/1.1" 200 35043
INFO 2025-09-06 13:00:37,067 basehttp 12119 6222409728 "GET /api/chat/conversations/694e1401-df9a-449e-b36f-5973a466b84c/history/ HTTP/1.1" 200 1366
INFO 2025-09-06 13:00:39,068 basehttp 12119 6222409728 "GET /api/chat/conversations/694e1401-df9a-449e-b36f-5973a466b84c/history/ HTTP/1.1" 200 1366
INFO 2025-09-06 13:00:40,051 basehttp 12119 6222409728 "GET /api/chat/conversations/694e1401-df9a-449e-b36f-5973a466b84c/history/ HTTP/1.1" 200 1366
INFO 2025-09-06 13:00:57,050 basehttp 12119 6222409728 "GET /api/chat/conversations/694e1401-df9a-449e-b36f-5973a466b84c/history/ HTTP/1.1" 200 1366
INFO 2025-09-06 13:01:00,057 basehttp 12119 6205583360 "GET /api/chat/folders/ HTTP/1.1" 200 2
INFO 2025-09-06 13:01:00,081 basehttp 12119 6222409728 "GET /api/chat/conversations/ HTTP/1.1" 200 1071
INFO 2025-09-06 13:01:00,085 basehttp 12119 6205583360 "GET /api/chat/folders/ HTTP/1.1" 200 2
INFO 2025-09-06 13:01:00,088 basehttp 12119 6239236096 "GET /api/chat/conversations/694e1401-df9a-449e-b36f-5973a466b84c/history/ HTTP/1.1" 200 1366
INFO 2025-09-06 13:01:00,096 basehttp 12119 6171357184 "GET /api/chat/conversations/ HTTP/1.1" 200 1071
INFO 2025-09-06 13:01:08,065 basehttp 12119 6171357184 "GET /api/chat/conversations/694e1401-df9a-449e-b36f-5973a466b84c/history/ HTTP/1.1" 200 1366
INFO 2025-09-06 13:01:10,649 basehttp 12119 6239236096 "GET /api/chat/folders/ HTTP/1.1" 200 2
INFO 2025-09-06 13:01:10,653 basehttp 12119 6171357184 "GET /api/chat/conversations/ HTTP/1.1" 200 1071
INFO 2025-09-06 13:01:10,661 basehttp 12119 6205583360 "GET /api/chat/conversations/694e1401-df9a-449e-b36f-5973a466b84c/history/ HTTP/1.1" 200 1366
INFO 2025-09-06 13:01:10,662 basehttp 12119 6222409728 "GET /api/chat/folders/ HTTP/1.1" 200 2
INFO 2025-09-06 13:01:10,668 basehttp 12119 6239236096 "GET /api/chat/conversations/ HTTP/1.1" 200 1071
INFO 2025-09-06 13:01:13,431 basehttp 12119 6239236096 - Broken pipe from ('127.0.0.1', 53363)
INFO 2025-09-06 13:01:13,540 basehttp 12119 6205583360 "GET /api/chat/folders/ HTTP/1.1" 200 2
INFO 2025-09-06 13:01:13,545 basehttp 12119 6222409728 "GET /api/chat/conversations/ HTTP/1.1" 200 1071
INFO 2025-09-06 13:01:13,554 basehttp 12119 6171357184 "GET /api/chat/folders/ HTTP/1.1" 200 2
INFO 2025-09-06 13:01:13,562 basehttp 12119 6205583360 "GET /api/chat/conversations/ HTTP/1.1" 200 1071
INFO 2025-09-06 13:01:16,436 basehttp 12119 6205583360 "POST /api/chat/conversations/ HTTP/1.1" 201 311
INFO 2025-09-06 13:01:16,442 basehttp 12119 6171357184 "OPTIONS /api/chat/conversations/53113fd7-f387-49e6-bff5-09345d113da1/history/ HTTP/1.1" 200 0
INFO 2025-09-06 13:01:16,451 basehttp 12119 6171357184 "GET /api/chat/conversations/53113fd7-f387-49e6-bff5-09345d113da1/history/ HTTP/1.1" 200 2
INFO 2025-09-06 13:01:16,451 basehttp 12119 6205583360 "GET /api/chat/conversations/ HTTP/1.1" 200 1383
INFO 2025-09-06 13:01:16,467 views 12119 6171357184 ChatStreamView POST called by user: bro (bro bro)
INFO 2025-09-06 13:01:16,468 views 12119 6171357184 Request data: {'message': 'hi boss', 'conversation_id': '53113fd7-f387-49e6-bff5-09345d113da1'}
INFO 2025-09-06 13:01:16,470 views 12119 6171357184 Serializer validated data: OrderedDict({'message': 'hi boss', 'conversation_id': UUID('53113fd7-f387-49e6-bff5-09345d113da1')})
INFO 2025-09-06 13:01:16,471 views 12119 6171357184 Starting generate_stream function
INFO 2025-09-06 13:01:16,471 views 12119 6171357184 About to call process_chat_message_stream
ERROR 2025-09-06 13:01:20,358 services 12119 6171357184 RAG API streaming request failed: 500 Server Error: Internal Server Error for url: https://rag.junkgpt.com/ask-question/
INFO 2025-09-06 13:01:20,361 views 12119 6171357184 Stream completed with 1 chunks
INFO 2025-09-06 13:01:20,361 basehttp 12119 6171357184 "POST /api/chat/stream/ HTTP/1.1" 200 506
INFO 2025-09-06 13:01:28,057 basehttp 12119 6205583360 "GET /api/chat/conversations/53113fd7-f387-49e6-bff5-09345d113da1/history/ HTTP/1.1" 200 997
INFO 2025-09-06 13:01:37,984 basehttp 12119 6222409728 "GET /api/chat/folders/ HTTP/1.1" 200 2
INFO 2025-09-06 13:01:37,992 basehttp 12119 6205583360 "GET /api/chat/conversations/ HTTP/1.1" 200 1600
INFO 2025-09-06 13:01:37,998 basehttp 12119 6222409728 "GET /api/chat/folders/ HTTP/1.1" 200 2
INFO 2025-09-06 13:01:38,006 basehttp 12119 6171357184 "GET /api/chat/conversations/ HTTP/1.1" 200 1600
INFO 2025-09-06 13:01:41,091 basehttp 12119 6171357184 "POST /api/chat/conversations/ HTTP/1.1" 201 311
INFO 2025-09-06 13:01:41,096 basehttp 12119 6222409728 "OPTIONS /api/chat/conversations/2fe886a0-754d-495b-82b1-5c469f784190/history/ HTTP/1.1" 200 0
INFO 2025-09-06 13:01:41,105 basehttp 12119 6222409728 "GET /api/chat/conversations/2fe886a0-754d-495b-82b1-5c469f784190/history/ HTTP/1.1" 200 2
INFO 2025-09-06 13:01:41,107 basehttp 12119 6171357184 "GET /api/chat/conversations/ HTTP/1.1" 200 1912
INFO 2025-09-06 13:01:41,129 views 12119 6171357184 ChatStreamView POST called by user: bro (bro bro)
INFO 2025-09-06 13:01:41,129 views 12119 6171357184 Request data: {'message': 'hi boss', 'conversation_id': '2fe886a0-754d-495b-82b1-5c469f784190'}
INFO 2025-09-06 13:01:41,131 views 12119 6171357184 Serializer validated data: OrderedDict({'message': 'hi boss', 'conversation_id': UUID('2fe886a0-754d-495b-82b1-5c469f784190')})
INFO 2025-09-06 13:01:41,132 views 12119 6171357184 Starting generate_stream function
INFO 2025-09-06 13:01:41,132 views 12119 6171357184 About to call process_chat_message_stream
INFO 2025-09-06 13:01:47,847 services 12119 6171357184 Source document: Sources: Breaking Through Limiting Beliefs.pdf, EQ_ The Value of Emotional Intelligence and Management in Junk Removal (1).pdf, Essential Leadership Traits for Junk Removal Entrepreneurs.pdf, Meeting Rhythms & GSRs.pdf, Time Management Audit.pdf
INFO 2025-09-06 13:01:47,847 services 12119 6171357184 Extracted document list: ['Breaking Through Limiting Beliefs.pdf', 'EQ_ The Value of Emotional Intelligence and Management in Junk Removal (1).pdf', 'Essential Leadership Traits for Junk Removal Entrepreneurs.pdf', 'Meeting Rhythms & GSRs.pdf', 'Time Management Audit.pdf']
INFO 2025-09-06 13:01:47,849 services 12119 6171357184 Finished processing 126 lines
INFO 2025-09-06 13:01:47,854 views 12119 6171357184 Stream completed with 64 chunks
INFO 2025-09-06 13:01:47,854 basehttp 12119 6171357184 "POST /api/chat/stream/ HTTP/1.1" 200 21530
INFO 2025-09-06 13:01:55,055 basehttp 12119 6222409728 "GET /api/chat/conversations/2fe886a0-754d-495b-82b1-5c469f784190/history/ HTTP/1.1" 200 1402
INFO 2025-09-06 13:01:56,050 basehttp 12119 6222409728 "GET /api/chat/conversations/2fe886a0-754d-495b-82b1-5c469f784190/history/ HTTP/1.1" 200 1402
INFO 2025-09-06 13:01:59,062 basehttp 12119 6222409728 "GET /api/chat/conversations/2fe886a0-754d-495b-82b1-5c469f784190/history/ HTTP/1.1" 200 1402
INFO 2025-09-06 13:02:02,046 basehttp 12119 6222409728 "GET /api/chat/conversations/2fe886a0-754d-495b-82b1-5c469f784190/history/ HTTP/1.1" 200 1402
INFO 2025-09-06 13:02:08,085 basehttp 12119 6222409728 "GET /api/chat/conversations/2fe886a0-754d-495b-82b1-5c469f784190/history/ HTTP/1.1" 200 1402
INFO 2025-09-06 13:02:13,861 basehttp 12119 6205583360 "GET /api/chat/folders/ HTTP/1.1" 200 2
INFO 2025-09-06 13:02:13,872 basehttp 12119 6222409728 "GET /api/chat/conversations/ HTTP/1.1" 200 2144
INFO 2025-09-06 13:02:13,873 basehttp 12119 6171357184 "GET /api/chat/conversations/2fe886a0-754d-495b-82b1-5c469f784190/history/ HTTP/1.1" 200 1402
INFO 2025-09-06 13:02:13,882 basehttp 12119 6205583360 "GET /api/chat/folders/ HTTP/1.1" 200 2
INFO 2025-09-06 13:02:13,913 basehttp 12119 6239236096 "GET /api/chat/conversations/ HTTP/1.1" 200 2144
INFO 2025-09-06 13:02:14,893 basehttp 12119 6239236096 - Broken pipe from ('127.0.0.1', 54279)
INFO 2025-09-06 13:02:15,098 basehttp 12119 6171357184 "GET /api/chat/folders/ HTTP/1.1" 200 2
INFO 2025-09-06 13:02:15,121 basehttp 12119 6205583360 "GET /api/chat/conversations/ HTTP/1.1" 200 2144
INFO 2025-09-06 13:02:15,127 basehttp 12119 6222409728 "GET /api/chat/folders/ HTTP/1.1" 200 2
INFO 2025-09-06 13:02:15,140 basehttp 12119 6171357184 "GET /api/chat/conversations/ HTTP/1.1" 200 2144
INFO 2025-09-06 13:02:17,835 basehttp 12119 6171357184 "POST /api/chat/conversations/ HTTP/1.1" 201 310
INFO 2025-09-06 13:02:17,840 basehttp 12119 6222409728 "OPTIONS /api/chat/conversations/d9aba246-3ad8-4e9a-8a36-1c124ebd0a40/history/ HTTP/1.1" 200 0
INFO 2025-09-06 13:02:17,848 basehttp 12119 6222409728 "GET /api/chat/conversations/d9aba246-3ad8-4e9a-8a36-1c124ebd0a40/history/ HTTP/1.1" 200 2
INFO 2025-09-06 13:02:17,849 basehttp 12119 6171357184 "GET /api/chat/conversations/ HTTP/1.1" 200 2455
INFO 2025-09-06 13:02:17,865 views 12119 6171357184 ChatStreamView POST called by user: bro (bro bro)
INFO 2025-09-06 13:02:17,865 views 12119 6171357184 Request data: {'message': 'hi bro', 'conversation_id': 'd9aba246-3ad8-4e9a-8a36-1c124ebd0a40'}
INFO 2025-09-06 13:02:17,868 views 12119 6171357184 Serializer validated data: OrderedDict({'message': 'hi bro', 'conversation_id': UUID('d9aba246-3ad8-4e9a-8a36-1c124ebd0a40')})
INFO 2025-09-06 13:02:17,868 views 12119 6171357184 Starting generate_stream function
INFO 2025-09-06 13:02:17,868 views 12119 6171357184 About to call process_chat_message_stream
ERROR 2025-09-06 13:02:30,765 services 12119 6171357184 RAG API streaming request failed: ('Connection aborted.', RemoteDisconnected('Remote end closed connection without response'))
INFO 2025-09-06 13:02:30,769 views 12119 6171357184 Stream completed with 1 chunks
INFO 2025-09-06 13:02:30,769 basehttp 12119 6171357184 "POST /api/chat/stream/ HTTP/1.1" 200 513
INFO 2025-09-06 13:03:11,777 basehttp 12119 6222409728 "GET /api/chat/conversations/2fe886a0-754d-495b-82b1-5c469f784190/history/ HTTP/1.1" 200 1402
INFO 2025-09-06 13:03:11,777 basehttp 12119 6205583360 "GET /api/chat/conversations/d9aba246-3ad8-4e9a-8a36-1c124ebd0a40/history/ HTTP/1.1" 200 1002
INFO 2025-09-06 13:03:11,813 basehttp 12119 6222409728 "GET /api/chat/conversations/2fe886a0-754d-495b-82b1-5c469f784190/history/ HTTP/1.1" 200 1402
INFO 2025-09-06 13:03:12,636 basehttp 12119 6222409728 "GET /api/chat/conversations/53113fd7-f387-49e6-bff5-09345d113da1/history/ HTTP/1.1" 200 997
INFO 2025-09-06 13:03:12,636 basehttp 12119 6205583360 "GET /api/chat/conversations/2fe886a0-754d-495b-82b1-5c469f784190/history/ HTTP/1.1" 200 1402
INFO 2025-09-06 13:03:12,657 basehttp 12119 6239236096 "GET /api/chat/conversations/53113fd7-f387-49e6-bff5-09345d113da1/history/ HTTP/1.1" 200 997
INFO 2025-09-06 13:03:58,774 basehttp 12119 6239236096 "GET /api/chat/conversations/53113fd7-f387-49e6-bff5-09345d113da1/history/ HTTP/1.1" 200 997
INFO 2025-09-06 13:04:08,113 basehttp 12119 6239236096 "GET /api/chat/conversations/53113fd7-f387-49e6-bff5-09345d113da1/history/ HTTP/1.1" 200 997
INFO 2025-09-06 13:04:08,214 basehttp 12119 6239236096 "GET /api/chat/conversations/53113fd7-f387-49e6-bff5-09345d113da1/history/ HTTP/1.1" 200 997
INFO 2025-09-06 13:04:29,658 basehttp 12119 6239236096 "GET /api/chat/conversations/53113fd7-f387-49e6-bff5-09345d113da1/history/ HTTP/1.1" 200 997
INFO 2025-09-06 13:05:03,267 basehttp 12119 6205583360 "GET /api/chat/folders/ HTTP/1.1" 200 2
INFO 2025-09-06 13:05:03,274 basehttp 12119 6222409728 "GET /api/chat/conversations/53113fd7-f387-49e6-bff5-09345d113da1/history/ HTTP/1.1" 200 997
INFO 2025-09-06 13:05:03,276 basehttp 12119 6239236096 "GET /api/chat/conversations/ HTTP/1.1" 200 2672
INFO 2025-09-06 13:05:03,280 basehttp 12119 6205583360 "GET /api/chat/folders/ HTTP/1.1" 200 2
INFO 2025-09-06 13:05:03,290 basehttp 12119 6222409728 "GET /api/chat/conversations/ HTTP/1.1" 200 2672
INFO 2025-09-06 13:05:05,363 basehttp 12119 6222409728 - Broken pipe from ('127.0.0.1', 52002)
INFO 2025-09-06 13:05:05,558 basehttp 12119 6239236096 "GET /api/chat/folders/ HTTP/1.1" 200 2
INFO 2025-09-06 13:05:05,564 basehttp 12119 6205583360 "GET /api/chat/conversations/ HTTP/1.1" 200 2672
INFO 2025-09-06 13:05:05,572 basehttp 12119 6172504064 "GET /api/chat/folders/ HTTP/1.1" 200 2
INFO 2025-09-06 13:05:05,596 basehttp 12119 6239236096 "GET /api/chat/conversations/ HTTP/1.1" 200 2672
INFO 2025-09-06 13:05:08,194 basehttp 12119 6239236096 "POST /api/chat/conversations/ HTTP/1.1" 201 310
INFO 2025-09-06 13:05:08,199 basehttp 12119 6172504064 "OPTIONS /api/chat/conversations/ef0b6660-daf0-4f72-b8e8-028bb1ce54c9/history/ HTTP/1.1" 200 0
INFO 2025-09-06 13:05:08,208 basehttp 12119 6172504064 "GET /api/chat/conversations/ef0b6660-daf0-4f72-b8e8-028bb1ce54c9/history/ HTTP/1.1" 200 2
INFO 2025-09-06 13:05:08,212 basehttp 12119 6239236096 "GET /api/chat/conversations/ HTTP/1.1" 200 2983
INFO 2025-09-06 13:05:08,234 views 12119 6239236096 ChatStreamView POST called by user: bro (bro bro)
INFO 2025-09-06 13:05:08,246 views 12119 6239236096 Request data: {'message': 'hi bro', 'conversation_id': 'ef0b6660-daf0-4f72-b8e8-028bb1ce54c9'}
INFO 2025-09-06 13:05:08,249 views 12119 6239236096 Serializer validated data: OrderedDict({'message': 'hi bro', 'conversation_id': UUID('ef0b6660-daf0-4f72-b8e8-028bb1ce54c9')})
INFO 2025-09-06 13:05:08,249 views 12119 6239236096 Starting generate_stream function
INFO 2025-09-06 13:05:08,249 views 12119 6239236096 About to call process_chat_message_stream
ERROR 2025-09-06 13:05:22,026 services 12119 6239236096 RAG API streaming request failed: ('Connection aborted.', RemoteDisconnected('Remote end closed connection without response'))
INFO 2025-09-06 13:05:22,033 views 12119 6239236096 Stream completed with 1 chunks
INFO 2025-09-06 13:05:22,033 basehttp 12119 6239236096 "POST /api/chat/stream/ HTTP/1.1" 200 513
INFO 2025-09-06 13:09:16,272 basehttp 12119 6172504064 "GET /api/chat/conversations/d9aba246-3ad8-4e9a-8a36-1c124ebd0a40/history/ HTTP/1.1" 200 1002
INFO 2025-09-06 13:09:16,273 basehttp 12119 6205583360 "GET /api/chat/conversations/ef0b6660-daf0-4f72-b8e8-028bb1ce54c9/history/ HTTP/1.1" 200 1002
INFO 2025-09-06 13:09:16,285 basehttp 12119 6172504064 "GET /api/chat/conversations/d9aba246-3ad8-4e9a-8a36-1c124ebd0a40/history/ HTTP/1.1" 200 1002
INFO 2025-09-06 13:09:17,216 basehttp 12119 6205583360 "GET /api/chat/conversations/d9aba246-3ad8-4e9a-8a36-1c124ebd0a40/history/ HTTP/1.1" 200 1002
INFO 2025-09-06 13:09:17,216 basehttp 12119 6172504064 "GET /api/chat/conversations/2fe886a0-754d-495b-82b1-5c469f784190/history/ HTTP/1.1" 200 1402
INFO 2025-09-06 13:09:17,227 basehttp 12119 6172504064 "GET /api/chat/conversations/2fe886a0-754d-495b-82b1-5c469f784190/history/ HTTP/1.1" 200 1402
INFO 2025-09-06 13:09:18,466 basehttp 12119 6172504064 "GET /api/chat/conversations/53113fd7-f387-49e6-bff5-09345d113da1/history/ HTTP/1.1" 200 997
INFO 2025-09-06 13:09:18,473 basehttp 12119 6205583360 "GET /api/chat/conversations/2fe886a0-754d-495b-82b1-5c469f784190/history/ HTTP/1.1" 200 1402
INFO 2025-09-06 13:09:18,481 basehttp 12119 6222409728 "GET /api/chat/conversations/53113fd7-f387-49e6-bff5-09345d113da1/history/ HTTP/1.1" 200 997
INFO 2025-09-06 13:09:33,925 basehttp 12119 6205583360 "GET /api/chat/conversations/53113fd7-f387-49e6-bff5-09345d113da1/history/ HTTP/1.1" 200 997
INFO 2025-09-06 13:09:33,925 basehttp 12119 6222409728 "GET /api/chat/conversations/ef0b6660-daf0-4f72-b8e8-028bb1ce54c9/history/ HTTP/1.1" 200 1002
INFO 2025-09-06 13:09:33,937 basehttp 12119 6172504064 "GET /api/chat/conversations/ef0b6660-daf0-4f72-b8e8-028bb1ce54c9/history/ HTTP/1.1" 200 1002
INFO 2025-09-06 13:09:34,620 basehttp 12119 6172504064 "GET /api/chat/conversations/d9aba246-3ad8-4e9a-8a36-1c124ebd0a40/history/ HTTP/1.1" 200 1002
INFO 2025-09-06 13:09:34,620 basehttp 12119 6222409728 "GET /api/chat/conversations/ef0b6660-daf0-4f72-b8e8-028bb1ce54c9/history/ HTTP/1.1" 200 1002
INFO 2025-09-06 13:09:34,633 basehttp 12119 6205583360 "GET /api/chat/conversations/d9aba246-3ad8-4e9a-8a36-1c124ebd0a40/history/ HTTP/1.1" 200 1002
INFO 2025-09-06 13:09:36,255 basehttp 12119 6222409728 "GET /api/chat/conversations/d9aba246-3ad8-4e9a-8a36-1c124ebd0a40/history/ HTTP/1.1" 200 1002
INFO 2025-09-06 13:09:36,255 basehttp 12119 6205583360 "GET /api/chat/conversations/2fe886a0-754d-495b-82b1-5c469f784190/history/ HTTP/1.1" 200 1402
INFO 2025-09-06 13:09:36,269 basehttp 12119 6172504064 "GET /api/chat/conversations/2fe886a0-754d-495b-82b1-5c469f784190/history/ HTTP/1.1" 200 1402
INFO 2025-09-06 13:09:47,024 basehttp 12119 6172504064 "GET /api/chat/conversations/ef0b6660-daf0-4f72-b8e8-028bb1ce54c9/history/ HTTP/1.1" 200 1002
INFO 2025-09-06 13:09:47,024 basehttp 12119 6205583360 "GET /api/chat/conversations/2fe886a0-754d-495b-82b1-5c469f784190/history/ HTTP/1.1" 200 1402
INFO 2025-09-06 13:09:47,038 basehttp 12119 6222409728 "GET /api/chat/conversations/ef0b6660-daf0-4f72-b8e8-028bb1ce54c9/history/ HTTP/1.1" 200 1002
INFO 2025-09-06 13:09:47,762 basehttp 12119 6222409728 "GET /api/chat/conversations/d9aba246-3ad8-4e9a-8a36-1c124ebd0a40/history/ HTTP/1.1" 200 1002
INFO 2025-09-06 13:09:47,762 basehttp 12119 6172504064 "GET /api/chat/conversations/ef0b6660-daf0-4f72-b8e8-028bb1ce54c9/history/ HTTP/1.1" 200 1002
INFO 2025-09-06 13:09:47,775 basehttp 12119 6205583360 "GET /api/chat/conversations/d9aba246-3ad8-4e9a-8a36-1c124ebd0a40/history/ HTTP/1.1" 200 1002
INFO 2025-09-06 13:09:48,730 basehttp 12119 6222409728 "GET /api/chat/conversations/d9aba246-3ad8-4e9a-8a36-1c124ebd0a40/history/ HTTP/1.1" 200 1002
INFO 2025-09-06 13:09:48,730 basehttp 12119 6205583360 "GET /api/chat/conversations/2fe886a0-754d-495b-82b1-5c469f784190/history/ HTTP/1.1" 200 1402
INFO 2025-09-06 13:09:48,742 basehttp 12119 6205583360 "GET /api/chat/conversations/2fe886a0-754d-495b-82b1-5c469f784190/history/ HTTP/1.1" 200 1402
INFO 2025-09-06 13:09:50,168 basehttp 12119 6222409728 "GET /api/chat/folders/ HTTP/1.1" 200 2
INFO 2025-09-06 13:09:50,177 basehttp 12119 6172504064 "GET /api/chat/conversations/2fe886a0-754d-495b-82b1-5c469f784190/history/ HTTP/1.1" 200 1402
INFO 2025-09-06 13:09:50,180 basehttp 12119 6205583360 "GET /api/chat/conversations/ HTTP/1.1" 200 3200
INFO 2025-09-06 13:09:50,182 basehttp 12119 6239236096 "GET /api/chat/folders/ HTTP/1.1" 200 2
INFO 2025-09-06 13:09:50,197 basehttp 12119 6172504064 "GET /api/chat/conversations/ HTTP/1.1" 200 3200
INFO 2025-09-06 13:09:51,317 basehttp 12119 6239236096 "GET /api/chat/conversations/2fe886a0-754d-495b-82b1-5c469f784190/history/ HTTP/1.1" 200 1402
INFO 2025-09-06 13:09:51,321 basehttp 12119 6172504064 "GET /api/chat/conversations/ef0b6660-daf0-4f72-b8e8-028bb1ce54c9/history/ HTTP/1.1" 200 1002
INFO 2025-09-06 13:09:51,334 basehttp 12119 6239236096 "GET /api/chat/conversations/ef0b6660-daf0-4f72-b8e8-028bb1ce54c9/history/ HTTP/1.1" 200 1002
INFO 2025-09-06 13:09:51,962 basehttp 12119 6239236096 "GET /api/chat/conversations/d9aba246-3ad8-4e9a-8a36-1c124ebd0a40/history/ HTTP/1.1" 200 1002
INFO 2025-09-06 13:09:51,964 basehttp 12119 6172504064 "GET /api/chat/conversations/ef0b6660-daf0-4f72-b8e8-028bb1ce54c9/history/ HTTP/1.1" 200 1002
INFO 2025-09-06 13:09:51,979 basehttp 12119 6205583360 "GET /api/chat/conversations/d9aba246-3ad8-4e9a-8a36-1c124ebd0a40/history/ HTTP/1.1" 200 1002
INFO 2025-09-06 13:10:03,429 basehttp 12119 6205583360 "GET /api/chat/conversations/ef0b6660-daf0-4f72-b8e8-028bb1ce54c9/history/ HTTP/1.1" 200 1002
INFO 2025-09-06 13:10:03,429 basehttp 12119 6172504064 "GET /api/chat/conversations/d9aba246-3ad8-4e9a-8a36-1c124ebd0a40/history/ HTTP/1.1" 200 1002
INFO 2025-09-06 13:10:03,439 basehttp 12119 6239236096 "GET /api/chat/conversations/ef0b6660-daf0-4f72-b8e8-028bb1ce54c9/history/ HTTP/1.1" 200 1002
INFO 2025-09-06 13:10:03,950 basehttp 12119 6239236096 "GET /api/chat/conversations/d9aba246-3ad8-4e9a-8a36-1c124ebd0a40/history/ HTTP/1.1" 200 1002
INFO 2025-09-06 13:10:03,953 basehttp 12119 6172504064 "GET /api/chat/conversations/ef0b6660-daf0-4f72-b8e8-028bb1ce54c9/history/ HTTP/1.1" 200 1002
INFO 2025-09-06 13:10:03,965 basehttp 12119 6205583360 "GET /api/chat/conversations/d9aba246-3ad8-4e9a-8a36-1c124ebd0a40/history/ HTTP/1.1" 200 1002
INFO 2025-09-06 13:10:04,497 basehttp 12119 6172504064 "GET /api/chat/conversations/d9aba246-3ad8-4e9a-8a36-1c124ebd0a40/history/ HTTP/1.1" 200 1002
INFO 2025-09-06 13:10:04,497 basehttp 12119 6205583360 "GET /api/chat/conversations/2fe886a0-754d-495b-82b1-5c469f784190/history/ HTTP/1.1" 200 1402
INFO 2025-09-06 13:10:04,510 basehttp 12119 6239236096 "GET /api/chat/conversations/2fe886a0-754d-495b-82b1-5c469f784190/history/ HTTP/1.1" 200 1402
INFO 2025-09-06 13:10:05,612 basehttp 12119 6239236096 "GET /api/chat/conversations/694e1401-df9a-449e-b36f-5973a466b84c/history/ HTTP/1.1" 200 1366
INFO 2025-09-06 13:10:05,615 basehttp 12119 6172504064 "GET /api/chat/conversations/2fe886a0-754d-495b-82b1-5c469f784190/history/ HTTP/1.1" 200 1402
INFO 2025-09-06 13:10:05,626 basehttp 12119 6205583360 "GET /api/chat/conversations/694e1401-df9a-449e-b36f-5973a466b84c/history/ HTTP/1.1" 200 1366
INFO 2025-09-06 13:10:06,254 basehttp 12119 6205583360 "GET /api/chat/conversations/a3d72ae1-eaea-428d-be81-fc903e160e09/history/ HTTP/1.1" 200 1002
INFO 2025-09-06 13:10:06,254 basehttp 12119 6172504064 "GET /api/chat/conversations/694e1401-df9a-449e-b36f-5973a466b84c/history/ HTTP/1.1" 200 1366
INFO 2025-09-06 13:10:06,267 basehttp 12119 6239236096 "GET /api/chat/conversations/a3d72ae1-eaea-428d-be81-fc903e160e09/history/ HTTP/1.1" 200 1002
INFO 2025-09-06 13:10:25,353 basehttp 12119 6172504064 "GET /api/chat/folders/ HTTP/1.1" 200 2
INFO 2025-09-06 13:10:25,359 basehttp 12119 6205583360 "GET /api/chat/conversations/a3d72ae1-eaea-428d-be81-fc903e160e09/history/ HTTP/1.1" 200 1002
INFO 2025-09-06 13:10:25,363 basehttp 12119 6239236096 "GET /api/chat/conversations/ HTTP/1.1" 200 3200
INFO 2025-09-06 13:10:25,365 basehttp 12119 6222409728 "GET /api/chat/folders/ HTTP/1.1" 200 2
INFO 2025-09-06 13:10:25,380 basehttp 12119 6205583360 "GET /api/chat/conversations/ HTTP/1.1" 200 3200
INFO 2025-09-06 13:13:29,361 basehttp 12119 6222409728 "GET /api/chat/folders/ HTTP/1.1" 200 2
INFO 2025-09-06 13:13:29,364 basehttp 12119 6239236096 "GET /api/chat/conversations/a3d72ae1-eaea-428d-be81-fc903e160e09/history/ HTTP/1.1" 200 1002
INFO 2025-09-06 13:13:29,368 basehttp 12119 6205583360 "GET /api/chat/conversations/ HTTP/1.1" 200 3200
INFO 2025-09-06 13:13:29,373 basehttp 12119 6172504064 "GET /api/chat/folders/ HTTP/1.1" 200 2
INFO 2025-09-06 13:13:29,385 basehttp 12119 6239236096 "GET /api/chat/conversations/ HTTP/1.1" 200 3200
INFO 2025-09-06 13:13:30,390 basehttp 12119 6172504064 "GET /api/chat/folders/ HTTP/1.1" 200 2
INFO 2025-09-06 13:13:30,397 basehttp 12119 6205583360 "GET /api/chat/conversations/a3d72ae1-eaea-428d-be81-fc903e160e09/history/ HTTP/1.1" 200 1002
INFO 2025-09-06 13:13:30,400 basehttp 12119 6239236096 "GET /api/chat/conversations/ HTTP/1.1" 200 3200
INFO 2025-09-06 13:13:30,403 basehttp 12119 6222409728 "GET /api/chat/folders/ HTTP/1.1" 200 2
INFO 2025-09-06 13:13:30,421 basehttp 12119 6205583360 "GET /api/chat/conversations/ HTTP/1.1" 200 3200
INFO 2025-09-06 13:13:31,013 basehttp 12119 6222409728 "GET /api/chat/folders/ HTTP/1.1" 200 2
INFO 2025-09-06 13:13:31,019 basehttp 12119 6239236096 "GET /api/chat/conversations/a3d72ae1-eaea-428d-be81-fc903e160e09/history/ HTTP/1.1" 200 1002
INFO 2025-09-06 13:13:31,032 basehttp 12119 6205583360 "GET /api/chat/conversations/ HTTP/1.1" 200 3200
INFO 2025-09-06 13:13:31,035 basehttp 12119 6172504064 "GET /api/chat/folders/ HTTP/1.1" 200 2
INFO 2025-09-06 13:13:31,065 basehttp 12119 6239236096 "GET /api/chat/conversations/ HTTP/1.1" 200 3200
INFO 2025-09-06 13:13:31,631 basehttp 12119 6172504064 "GET /api/chat/folders/ HTTP/1.1" 200 2
INFO 2025-09-06 13:13:31,642 basehttp 12119 6205583360 "GET /api/chat/conversations/a3d72ae1-eaea-428d-be81-fc903e160e09/history/ HTTP/1.1" 200 1002
INFO 2025-09-06 13:13:31,643 basehttp 12119 6239236096 "GET /api/chat/conversations/ HTTP/1.1" 200 3200
INFO 2025-09-06 13:13:31,644 basehttp 12119 6222409728 "GET /api/chat/folders/ HTTP/1.1" 200 2
INFO 2025-09-06 13:13:31,666 basehttp 12119 6205583360 "GET /api/chat/conversations/ HTTP/1.1" 200 3200
INFO 2025-09-06 13:13:32,205 basehttp 12119 6222409728 "GET /api/chat/folders/ HTTP/1.1" 200 2
INFO 2025-09-06 13:13:32,212 basehttp 12119 6239236096 "GET /api/chat/conversations/a3d72ae1-eaea-428d-be81-fc903e160e09/history/ HTTP/1.1" 200 1002
INFO 2025-09-06 13:13:32,215 basehttp 12119 6205583360 "GET /api/chat/conversations/ HTTP/1.1" 200 3200
INFO 2025-09-06 13:13:32,217 basehttp 12119 6172504064 "GET /api/chat/folders/ HTTP/1.1" 200 2
INFO 2025-09-06 13:13:32,237 basehttp 12119 6239236096 "GET /api/chat/conversations/ HTTP/1.1" 200 3200
INFO 2025-09-06 13:31:17,978 basehttp 12119 6172504064 "GET /api/chat/conversations/d9aba246-3ad8-4e9a-8a36-1c124ebd0a40/history/ HTTP/1.1" 200 1002
INFO 2025-09-06 13:31:17,979 basehttp 12119 6189330432 "GET /api/chat/conversations/a3d72ae1-eaea-428d-be81-fc903e160e09/history/ HTTP/1.1" 200 1002
INFO 2025-09-06 13:31:17,992 basehttp 12119 6172504064 "GET /api/chat/conversations/d9aba246-3ad8-4e9a-8a36-1c124ebd0a40/history/ HTTP/1.1" 200 1002
INFO 2025-09-06 13:31:18,638 basehttp 12119 6172504064 "GET /api/chat/conversations/2fe886a0-754d-495b-82b1-5c469f784190/history/ HTTP/1.1" 200 1402
INFO 2025-09-06 13:31:18,643 basehttp 12119 6189330432 "GET /api/chat/conversations/d9aba246-3ad8-4e9a-8a36-1c124ebd0a40/history/ HTTP/1.1" 200 1002
INFO 2025-09-06 13:31:18,660 basehttp 12119 6206156800 "GET /api/chat/conversations/2fe886a0-754d-495b-82b1-5c469f784190/history/ HTTP/1.1" 200 1402
INFO 2025-09-06 13:31:19,882 basehttp 12119 6206156800 "GET /api/chat/conversations/53113fd7-f387-49e6-bff5-09345d113da1/history/ HTTP/1.1" 200 997
INFO 2025-09-06 13:31:19,889 basehttp 12119 6189330432 "GET /api/chat/conversations/2fe886a0-754d-495b-82b1-5c469f784190/history/ HTTP/1.1" 200 1402
INFO 2025-09-06 13:31:19,898 basehttp 12119 6172504064 "GET /api/chat/conversations/53113fd7-f387-49e6-bff5-09345d113da1/history/ HTTP/1.1" 200 997
INFO 2025-09-06 13:31:20,509 basehttp 12119 6189330432 "GET /api/chat/conversations/53113fd7-f387-49e6-bff5-09345d113da1/history/ HTTP/1.1" 200 997
INFO 2025-09-06 13:31:20,512 basehttp 12119 6172504064 "GET /api/chat/conversations/694e1401-df9a-449e-b36f-5973a466b84c/history/ HTTP/1.1" 200 1366
INFO 2025-09-06 13:31:20,527 basehttp 12119 6206156800 "GET /api/chat/conversations/694e1401-df9a-449e-b36f-5973a466b84c/history/ HTTP/1.1" 200 1366
INFO 2025-09-06 13:31:21,308 basehttp 12119 6206156800 "GET /api/chat/conversations/a3d72ae1-eaea-428d-be81-fc903e160e09/history/ HTTP/1.1" 200 1002
INFO 2025-09-06 13:31:21,308 basehttp 12119 6172504064 "GET /api/chat/conversations/694e1401-df9a-449e-b36f-5973a466b84c/history/ HTTP/1.1" 200 1366
INFO 2025-09-06 13:31:21,319 basehttp 12119 6189330432 "GET /api/chat/conversations/a3d72ae1-eaea-428d-be81-fc903e160e09/history/ HTTP/1.1" 200 1002
INFO 2025-09-06 13:31:22,299 basehttp 12119 6189330432 "GET /api/chat/conversations/694e1401-df9a-449e-b36f-5973a466b84c/history/ HTTP/1.1" 200 1366
INFO 2025-09-06 13:31:22,306 basehttp 12119 6172504064 "GET /api/chat/conversations/a3d72ae1-eaea-428d-be81-fc903e160e09/history/ HTTP/1.1" 200 1002
INFO 2025-09-06 13:31:22,314 basehttp 12119 6206156800 "GET /api/chat/conversations/694e1401-df9a-449e-b36f-5973a466b84c/history/ HTTP/1.1" 200 1366
INFO 2025-09-06 13:31:23,062 basehttp 12119 6206156800 "GET /api/chat/conversations/53113fd7-f387-49e6-bff5-09345d113da1/history/ HTTP/1.1" 200 997
INFO 2025-09-06 13:31:23,072 basehttp 12119 6172504064 "GET /api/chat/conversations/694e1401-df9a-449e-b36f-5973a466b84c/history/ HTTP/1.1" 200 1366
INFO 2025-09-06 13:31:23,081 basehttp 12119 6189330432 "GET /api/chat/conversations/53113fd7-f387-49e6-bff5-09345d113da1/history/ HTTP/1.1" 200 997
INFO 2025-09-06 13:32:04,263 basehttp 12119 6172504064 "GET /api/chat/folders/ HTTP/1.1" 200 2
INFO 2025-09-06 13:32:04,274 basehttp 12119 6206156800 "GET /api/chat/conversations/53113fd7-f387-49e6-bff5-09345d113da1/history/ HTTP/1.1" 200 997
INFO 2025-09-06 13:32:04,277 basehttp 12119 6189330432 "GET /api/chat/conversations/ HTTP/1.1" 200 3200
INFO 2025-09-06 13:32:04,279 basehttp 12119 6172504064 "GET /api/chat/folders/ HTTP/1.1" 200 2
INFO 2025-09-06 13:32:04,294 basehttp 12119 6206156800 "GET /api/chat/conversations/ HTTP/1.1" 200 3200
INFO 2025-09-06 13:32:46,113 basehttp 12119 6172504064 "GET /api/chat/folders/ HTTP/1.1" 200 2
INFO 2025-09-06 13:32:46,117 basehttp 12119 6189330432 "GET /api/chat/conversations/53113fd7-f387-49e6-bff5-09345d113da1/history/ HTTP/1.1" 200 997
INFO 2025-09-06 13:32:46,125 basehttp 12119 6206156800 "GET /api/chat/conversations/ HTTP/1.1" 200 3200
INFO 2025-09-06 13:32:46,130 basehttp 12119 6222983168 "GET /api/chat/folders/ HTTP/1.1" 200 2
INFO 2025-09-06 13:32:46,147 basehttp 12119 6189330432 "GET /api/chat/conversations/ HTTP/1.1" 200 3200
INFO 2025-09-06 13:32:59,974 basehttp 12119 6222983168 "GET /api/chat/folders/ HTTP/1.1" 200 2
INFO 2025-09-06 13:32:59,978 basehttp 12119 6206156800 "GET /api/chat/conversations/53113fd7-f387-49e6-bff5-09345d113da1/history/ HTTP/1.1" 200 997
INFO 2025-09-06 13:32:59,986 basehttp 12119 6189330432 "GET /api/chat/conversations/ HTTP/1.1" 200 3200
INFO 2025-09-06 13:32:59,988 basehttp 12119 6172504064 "GET /api/chat/folders/ HTTP/1.1" 200 2
INFO 2025-09-06 13:33:00,007 basehttp 12119 6206156800 "GET /api/chat/conversations/ HTTP/1.1" 200 3200
